2022-07-26 16:26 > INFO > My logger is now ready [] []
2022-07-26 16:44 > INFO > My logger is now ready [] []
2022-07-26 17:21 > INFO > My logger is now ready [] {"class":"DigitalMx\\jotr\\Initialize","callType":"->","function":"startLogger"}
2022-07-26 17:27 > INFO > My logger is now ready [] {"class":"DigitalMx\\jotr\\Initialize","callType":"->","function":"__construct"}
2022-07-26 18:29 > INFO > My logger is now ready [] []
2022-07-26 11:49 > INFO > My logger is now ready [] []
2022-07-26 11:50 > INFO > My logger is now ready [] []
2022-07-26 11:51 > INFO > Service logger is now ready [] []
2022-07-26 11:56 > INFO > Service logger is now ready [] []
2022-07-26 11:58 > INFO > Service logger starting up [] []
2022-07-26 12:02 > INFO > Service logger starting up [] []
2022-07-26 12:02 > NOTICE > attempt to reload wgov failed [] []
2022-07-26 12:02 > NOTICE > Unable to refresh cache wgov [] []
2022-07-26 12:02 > NOTICE > attempt to reload wapi failed [] []
2022-07-26 12:02 > NOTICE > Unable to refresh cache wapi [] []
2022-07-26 12:02 > INFO > Service logger starting up [] []
2022-07-26 12:02 > NOTICE > attempt to reload wgov failed [] []
2022-07-26 12:02 > NOTICE > Unable to refresh cache wgov [] []
2022-07-26 12:02 > NOTICE > attempt to reload wapi failed [] []
2022-07-26 12:02 > NOTICE > Unable to refresh cache wapi [] []
2022-07-26 12:02 > NOTICE > attempt to reload airowm failed [] []
2022-07-26 12:02 > NOTICE > Unable to refresh cache airowm [] []
2022-07-26 12:02 > NOTICE > attempt to reload airnow failed [] []
2022-07-26 12:02 > NOTICE > Unable to refresh cache airnow [] []
2022-07-26 12:02 > NOTICE > Unable to refresh cache wgova [] []
2022-07-26 12:02 > INFO > formed today array [] []
2022-07-26 12:02 > INFO > Pages updated [] []
2022-07-26 12:06 > INFO > Service logger starting up [] []
2022-07-26 12:06 > NOTICE > attempt to reload wgov failed [] []
2022-07-26 12:06 > NOTICE > Unable to refresh cache wgov [] []
2022-07-26 12:06 > NOTICE > attempt to reload wapi failed [] []
2022-07-26 12:06 > NOTICE > Unable to refresh cache wapi [] []
2022-07-26 12:06 > NOTICE > attempt to reload airowm failed [] []
2022-07-26 12:06 > NOTICE > Unable to refresh cache airowm [] []
2022-07-26 12:06 > NOTICE > attempt to reload airnow failed [] []
2022-07-26 12:06 > NOTICE > Unable to refresh cache airnow [] []
2022-07-26 12:06 > NOTICE > Unable to refresh cache wgova [] []
2022-07-26 12:06 > INFO > formed today array [] []
2022-07-26 12:06 > INFO > Pages updated [] []
2022-07-26 12:10 > INFO > Service logger starting up [] []
2022-07-26 12:10 > NOTICE > attempt to reload wgov failed [] []
2022-07-26 12:10 > NOTICE > Unable to refresh cache wgov [] []
2022-07-26 12:10 > NOTICE > attempt to reload wapi failed [] []
2022-07-26 12:10 > NOTICE > Unable to refresh cache wapi [] []
2022-07-26 12:10 > NOTICE > attempt to reload airowm failed [] []
2022-07-26 12:10 > NOTICE > Unable to refresh cache airowm [] []
2022-07-26 12:10 > NOTICE > attempt to reload airnow failed [] []
2022-07-26 12:10 > NOTICE > Unable to refresh cache airnow [] []
2022-07-26 12:10 > NOTICE > Unable to refresh cache wgova [] []
2022-07-26 12:10 > INFO > formed today array [] []
2022-07-26 12:10 > INFO > Pages updated [] []
2022-07-26 12:14 > INFO > Service logger starting up [] []
2022-07-26 12:14 > NOTICE > attempt to reload wgov failed [] []
2022-07-26 12:14 > NOTICE > Unable to refresh cache wgov [] []
2022-07-26 12:14 > NOTICE > attempt to reload wapi failed [] []
2022-07-26 12:14 > NOTICE > Unable to refresh cache wapi [] []
2022-07-26 12:14 > NOTICE > attempt to reload airowm failed [] []
2022-07-26 12:14 > NOTICE > Unable to refresh cache airowm [] []
2022-07-26 12:14 > NOTICE > attempt to reload airnow failed [] []
2022-07-26 12:14 > NOTICE > Unable to refresh cache airnow [] []
2022-07-26 12:14 > NOTICE > Unable to refresh cache wgova [] []
2022-07-26 12:14 > INFO > formed today array [] []
2022-07-26 12:14 > INFO > Pages updated [] []
2022-07-26 12:26 > INFO > Service logger starting up [] []
2022-07-26 12:26 > NOTICE > get_curl failed on wapi, http://api.weatherapi.com/v1/forecast.json?key=098273e9f48149029c4141515220107&q=33.9917,-116.1402&days=3&aqi=yes&alerts=yes,  [] []
2022-07-26 12:26 > NOTICE > attempt to refresh wapi failed [] []
2022-07-26 12:26 > NOTICE > Unable to refresh cache wapi [] []
2022-07-26 12:31 > INFO > Service logger starting up [] []
2022-07-26 12:31 > INFO > Cache wapi refreshed. [] []
2022-07-26 12:32 > INFO > Service logger starting up [] []
2022-07-26 12:32 > INFO > Cache wgov refreshed. [] []
2022-07-26 12:32 > INFO > Cache airowm refreshed. [] []
2022-07-26 12:32 > INFO > Cache airnow refreshed. [] []
2022-07-26 12:32 > INFO > Cache wgova refreshed. [] []
2022-07-26 12:32 > INFO > formed today array [] []
2022-07-26 12:32 > INFO > Pages updated [] []
2022-07-26 12:54 > INFO > Service logger starting up [] []
2022-07-26 12:54 > INFO > formed today array [] []
2022-07-26 12:54 > INFO > Pages updated [] []
2022-07-26 13:24 > INFO > Service logger starting up [] []
